<?xml version="1.0" encoding="UTF-8"?>
<testng-results ignored="0" total="1" passed="1" failed="0" skipped="0">
  <reporter-output>
  </reporter-output>
  <suite started-at="2025-07-13T18:09:34 IST" name="MajorProject Suite" finished-at="2025-07-13T18:09:48 IST" duration-ms="14532">
    <groups>
    </groups>
    <test started-at="2025-07-13T18:09:34 IST" name="Registration Test - Chrome" finished-at="2025-07-13T18:09:48 IST" duration-ms="14532">
      <class name="stepDefination.RegistrationTestNG">
        <test-method is-config="true" signature="setUp(java.lang.String)[pri:0, instance:stepDefination.RegistrationTestNG@4b86805d]" started-at="2025-07-13T18:09:34 IST" name="setUp" finished-at="2025-07-13T18:09:35 IST" duration-ms="1120" status="PASS">
          <params>
            <param index="0">
              <value>
                <![CDATA[chrome]]>
              </value>
            </param>
          </params>
          <reporter-output>
          </reporter-output>
        </test-method> <!-- setUp -->
        <test-method signature="testRegistration()[pri:0, instance:stepDefination.RegistrationTestNG@4b86805d]" started-at="2025-07-13T18:09:35 IST" name="testRegistration" finished-at="2025-07-13T18:09:48 IST" duration-ms="13319" status="PASS">
          <reporter-output>
          </reporter-output>
        </test-method> <!-- testRegistration -->
        <test-method is-config="true" signature="tearDown()[pri:0, instance:stepDefination.RegistrationTestNG@4b86805d]" started-at="2025-07-13T18:09:48 IST" name="tearDown" finished-at="2025-07-13T18:09:48 IST" duration-ms="1" status="PASS">
          <reporter-output>
          </reporter-output>
        </test-method> <!-- tearDown -->
      </class> <!-- stepDefination.RegistrationTestNG -->
    </test> <!-- Registration Test - Chrome -->
  </suite> <!-- MajorProject Suite -->
</testng-results>
